[0.068s] Invoking command in '/home/livio/Desktop/ros2-hello-world-livioroy8-2/build/entri_ros2_basics_cpp': CMAKE_PREFIX_PATH=${CMAKE_PREFIX_PATH}:/opt/ros/jazzy DEBUGINFOD_URLS=https://debuginfod.ubuntu.com /usr/bin/cmake /home/livio/Desktop/ros2-hello-world-livioroy8-2/entri_ros2_basics_cpp -DCMAKE_INSTALL_PREFIX=/home/livio/Desktop/ros2-hello-world-livioroy8-2/install/entri_ros2_basics_cpp
[0.809s] -- The C compiler identification is GNU 13.3.0
[1.153s] -- The CXX compiler identification is GNU 13.3.0
[1.231s] -- Detecting C compiler ABI info
[1.602s] -- Detecting C compiler ABI info - done
[1.619s] -- Check for working C compiler: /usr/bin/cc - skipped
[1.620s] -- Detecting C compile features
[1.622s] -- Detecting C compile features - done
[1.662s] -- Detecting CXX compiler ABI info
[2.068s] -- Detecting CXX compiler ABI info - done
[2.089s] -- Check for working CXX compiler: /usr/bin/c++ - skipped
[2.090s] -- Detecting CXX compile features
[2.092s] -- Detecting CXX compile features - done
[2.107s] -- Found ament_cmake: 2.5.5 (/opt/ros/jazzy/share/ament_cmake/cmake)
[2.777s] -- Found Python3: /usr/bin/python3 (found version "3.12.3") found components: Interpreter 
[3.261s] -- Found rclcpp: 28.1.16 (/opt/ros/jazzy/share/rclcpp/cmake)
[3.406s] -- Found rosidl_generator_c: 4.6.7 (/opt/ros/jazzy/share/rosidl_generator_c/cmake)
[3.438s] -- Found rosidl_generator_cpp: 4.6.7 (/opt/ros/jazzy/share/rosidl_generator_cpp/cmake)
[3.474s] -- Using all available rosidl_typesupport_c: rosidl_typesupport_fastrtps_c;rosidl_typesupport_introspection_c
[3.517s] -- Using all available rosidl_typesupport_cpp: rosidl_typesupport_fastrtps_cpp;rosidl_typesupport_introspection_cpp
[3.663s] -- Found rmw_implementation_cmake: 7.3.3 (/opt/ros/jazzy/share/rmw_implementation_cmake/cmake)
[3.673s] -- Found rmw_fastrtps_cpp: 8.4.3 (/opt/ros/jazzy/share/rmw_fastrtps_cpp/cmake)
[3.829s] -- Found OpenSSL: /usr/lib/x86_64-linux-gnu/libcrypto.so (found version "3.0.13")  
[3.864s] -- Found FastRTPS: /opt/ros/jazzy/include (Required is at least version "2.13") 
[3.911s] -- Using RMW implementation 'rmw_fastrtps_cpp' as default
[4.130s] -- Found ament_lint_auto: 0.17.4 (/opt/ros/jazzy/share/ament_lint_auto/cmake)
[4.479s] -- Added test 'copyright' to check source files copyright and LICENSE
[4.485s] -- Added test 'cppcheck' to perform static code analysis on C / C++ code
[4.486s] -- Configured cppcheck include dirs: 
[4.486s] -- Configured cppcheck exclude dirs and/or files: 
[4.489s] -- Added test 'cpplint' to check C / C++ code against the Google style
[4.489s] -- Configured cpplint exclude dirs and/or files: 
[4.492s] -- Added test 'lint_cmake' to check CMake code style
[4.495s] -- Added test 'uncrustify' to check C / C++ code style
[4.496s] -- Configured uncrustify additional arguments: 
[4.497s] -- Added test 'xmllint' to check XML markup files
[4.502s] -- Configuring done (4.2s)
[4.533s] -- Generating done (0.0s)
[4.544s] -- Build files have been written to: /home/livio/Desktop/ros2-hello-world-livioroy8-2/build/entri_ros2_basics_cpp
[4.576s] Invoked command in '/home/livio/Desktop/ros2-hello-world-livioroy8-2/build/entri_ros2_basics_cpp' returned '0': CMAKE_PREFIX_PATH=${CMAKE_PREFIX_PATH}:/opt/ros/jazzy DEBUGINFOD_URLS=https://debuginfod.ubuntu.com /usr/bin/cmake /home/livio/Desktop/ros2-hello-world-livioroy8-2/entri_ros2_basics_cpp -DCMAKE_INSTALL_PREFIX=/home/livio/Desktop/ros2-hello-world-livioroy8-2/install/entri_ros2_basics_cpp
[4.579s] Invoking command in '/home/livio/Desktop/ros2-hello-world-livioroy8-2/build/entri_ros2_basics_cpp': CMAKE_PREFIX_PATH=${CMAKE_PREFIX_PATH}:/opt/ros/jazzy DEBUGINFOD_URLS=https://debuginfod.ubuntu.com /usr/bin/cmake --build /home/livio/Desktop/ros2-hello-world-livioroy8-2/build/entri_ros2_basics_cpp -- -j4 -l4
[4.711s] [ 50%] [32mBuilding CXX object CMakeFiles/hello_node.dir/src/hello_node.cpp.o[0m
[8.973s] [100%] [32m[1mLinking CXX executable hello_node[0m
[9.217s] [100%] Built target hello_node
[9.263s] Invoked command in '/home/livio/Desktop/ros2-hello-world-livioroy8-2/build/entri_ros2_basics_cpp' returned '0': CMAKE_PREFIX_PATH=${CMAKE_PREFIX_PATH}:/opt/ros/jazzy DEBUGINFOD_URLS=https://debuginfod.ubuntu.com /usr/bin/cmake --build /home/livio/Desktop/ros2-hello-world-livioroy8-2/build/entri_ros2_basics_cpp -- -j4 -l4
[9.306s] Invoking command in '/home/livio/Desktop/ros2-hello-world-livioroy8-2/build/entri_ros2_basics_cpp': CMAKE_PREFIX_PATH=${CMAKE_PREFIX_PATH}:/opt/ros/jazzy DEBUGINFOD_URLS=https://debuginfod.ubuntu.com /usr/bin/cmake --install /home/livio/Desktop/ros2-hello-world-livioroy8-2/build/entri_ros2_basics_cpp
[9.329s] -- Install configuration: ""
[9.330s] -- Installing: /home/livio/Desktop/ros2-hello-world-livioroy8-2/install/entri_ros2_basics_cpp/lib/entri_ros2_basics_cpp/hello_node
[9.330s] -- Set non-toolchain portion of runtime path of "/home/livio/Desktop/ros2-hello-world-livioroy8-2/install/entri_ros2_basics_cpp/lib/entri_ros2_basics_cpp/hello_node" to ""
[9.330s] -- Installing: /home/livio/Desktop/ros2-hello-world-livioroy8-2/install/entri_ros2_basics_cpp/share/ament_index/resource_index/package_run_dependencies/entri_ros2_basics_cpp
[9.330s] -- Installing: /home/livio/Desktop/ros2-hello-world-livioroy8-2/install/entri_ros2_basics_cpp/share/ament_index/resource_index/parent_prefix_path/entri_ros2_basics_cpp
[9.330s] -- Installing: /home/livio/Desktop/ros2-hello-world-livioroy8-2/install/entri_ros2_basics_cpp/share/entri_ros2_basics_cpp/environment/ament_prefix_path.sh
[9.330s] -- Installing: /home/livio/Desktop/ros2-hello-world-livioroy8-2/install/entri_ros2_basics_cpp/share/entri_ros2_basics_cpp/environment/ament_prefix_path.dsv
[9.330s] -- Installing: /home/livio/Desktop/ros2-hello-world-livioroy8-2/install/entri_ros2_basics_cpp/share/entri_ros2_basics_cpp/environment/path.sh
[9.330s] -- Installing: /home/livio/Desktop/ros2-hello-world-livioroy8-2/install/entri_ros2_basics_cpp/share/entri_ros2_basics_cpp/environment/path.dsv
[9.331s] -- Installing: /home/livio/Desktop/ros2-hello-world-livioroy8-2/install/entri_ros2_basics_cpp/share/entri_ros2_basics_cpp/local_setup.bash
[9.331s] -- Installing: /home/livio/Desktop/ros2-hello-world-livioroy8-2/install/entri_ros2_basics_cpp/share/entri_ros2_basics_cpp/local_setup.sh
[9.331s] -- Installing: /home/livio/Desktop/ros2-hello-world-livioroy8-2/install/entri_ros2_basics_cpp/share/entri_ros2_basics_cpp/local_setup.zsh
[9.331s] -- Installing: /home/livio/Desktop/ros2-hello-world-livioroy8-2/install/entri_ros2_basics_cpp/share/entri_ros2_basics_cpp/local_setup.dsv
[9.331s] -- Installing: /home/livio/Desktop/ros2-hello-world-livioroy8-2/install/entri_ros2_basics_cpp/share/entri_ros2_basics_cpp/package.dsv
[9.331s] -- Installing: /home/livio/Desktop/ros2-hello-world-livioroy8-2/install/entri_ros2_basics_cpp/share/ament_index/resource_index/packages/entri_ros2_basics_cpp
[9.331s] -- Installing: /home/livio/Desktop/ros2-hello-world-livioroy8-2/install/entri_ros2_basics_cpp/share/entri_ros2_basics_cpp/cmake/entri_ros2_basics_cppConfig.cmake
[9.332s] -- Installing: /home/livio/Desktop/ros2-hello-world-livioroy8-2/install/entri_ros2_basics_cpp/share/entri_ros2_basics_cpp/cmake/entri_ros2_basics_cppConfig-version.cmake
[9.332s] -- Installing: /home/livio/Desktop/ros2-hello-world-livioroy8-2/install/entri_ros2_basics_cpp/share/entri_ros2_basics_cpp/package.xml
[9.341s] Invoked command in '/home/livio/Desktop/ros2-hello-world-livioroy8-2/build/entri_ros2_basics_cpp' returned '0': CMAKE_PREFIX_PATH=${CMAKE_PREFIX_PATH}:/opt/ros/jazzy DEBUGINFOD_URLS=https://debuginfod.ubuntu.com /usr/bin/cmake --install /home/livio/Desktop/ros2-hello-world-livioroy8-2/build/entri_ros2_basics_cpp
